20220209-13:51:14.362Z INFO     FP-SBAND ---------------------------------------------------------------------
20220209-13:51:14.363Z NOTICE   FP-SBAND Initiating generation sband flightplan
20220209-13:51:14.364Z INFO     FP-SBAND Loading setting file: /mnt/c/Users/faba/LEOP/leop-tools-master/test_data/example_offset_fp.json
20220209-13:51:14.364Z INFO     FP-SBAND - mag      : external - M315
20220209-13:51:14.366Z NOTICE   FP-SBAND Creating flightplan
20220209-13:51:14.366Z INFO     FP-SBAND Path to FP: /mnt/c/Users/faba/LEOP/leop-tools-master/output/sband/sband_test.fp
20220209-13:51:14.369Z INFO     FP-SBAND 2021-08-20 09:10:00: Start rotating satellite (4) to 0.0000 0.0000 0.0000 [rad]
20220209-13:51:14.370Z INFO     FP-SBAND 2021-08-20 09:25:00: Increase HK to 1hz
20220209-13:51:14.371Z INFO     FP-SBAND 2021-08-20 09:27:30: Start time hk collection
20220209-13:51:14.371Z INFO     FP-SBAND 2021-08-20 09:28:00: POWER ON SR2000
20220209-13:51:14.372Z INFO     FP-SBAND 2021-08-20 09:28:42: POWER ON ANT2150
20220209-13:51:14.372Z INFO     FP-SBAND 2021-08-20 09:29:13: START SR2000-LOAD
20220209-13:51:14.373Z INFO     FP-SBAND 2021-08-20 09:30:00: AOS
20220209-13:51:14.373Z INFO     FP-SBAND 2021-08-20 09:40:00: LOS
20220209-13:51:14.374Z INFO     FP-SBAND 2021-08-20 09:40:00: STOP SR2000-LOAD
20220209-13:51:14.374Z INFO     FP-SBAND 2021-08-20 09:40:32: STOP ANT2150
20220209-13:51:14.375Z INFO     FP-SBAND 2021-08-20 09:41:03: STOP SR2000
20220209-13:51:14.375Z INFO     FP-SBAND 2021-08-20 09:41:34: Start rotating satellite (2) to 0.0000 0.0000 0.0000 [rad]
20220209-13:51:14.376Z INFO     FP-SBAND 2021-08-20 09:41:40: End time hk collection
20220209-13:51:14.376Z INFO     FP-SBAND 2021-08-20 09:44:58: HK to 0.1hz
20220209-13:51:14.376Z NOTICE   FP-SBAND HK metadata:
20220209-13:51:14.377Z INFO     FP-SBAND  - Number of Samples: 850
20220209-13:51:14.377Z INFO     FP-SBAND  - Name beacon file : /flash1/sband25_0.zip
20220209-13:51:14.378Z INFO     FP-SBAND  - Number of Samples: 85
20220209-13:51:14.378Z INFO     FP-SBAND  - Name beacon file : /flash1/sband22_0.zip
20220209-13:51:14.378Z INFO     FP-SBAND  - Number of Samples: 85
20220209-13:51:14.379Z INFO     FP-SBAND  - Name beacon file : /flash1/sband23_0.zip
20220211-10:59:28.957Z INFO     FP-SBAND ---------------------------------------------------------------------
20220211-10:59:28.958Z NOTICE   FP-SBAND Initiating generation sband flightplan
20220211-10:59:28.959Z INFO     FP-SBAND Loading setting file: /mnt/c/Users/faba/LEOP/leop-tools-master/test_data/example_offset_fp.json
20220211-10:59:28.959Z INFO     FP-SBAND - mag      : external - M315
20220211-10:59:28.963Z NOTICE   FP-SBAND Creating flightplan
20220211-10:59:28.963Z INFO     FP-SBAND Path to FP: /mnt/c/Users/faba/LEOP/leop-tools-master/output/sband/sband_test.fp
20220211-10:59:28.967Z INFO     FP-SBAND 2021-08-20 09:10:00: Start rotating satellite (4) to 0.0000 0.0000 0.0000 [rad]
20220211-10:59:28.967Z INFO     FP-SBAND 2021-08-20 09:27:30: Start time hk collection
20220211-10:59:28.968Z INFO     FP-SBAND 2021-08-20 09:28:00: POWER ON SR2000
20220211-10:59:28.968Z INFO     FP-SBAND 2021-08-20 09:28:42: POWER ON ANT2150
20220211-10:59:28.969Z INFO     FP-SBAND 2021-08-20 09:29:13: START SR2000-LOAD
20220211-10:59:28.969Z INFO     FP-SBAND 2021-08-20 09:30:00: AOS
20220211-10:59:28.969Z INFO     FP-SBAND 2021-08-20 09:40:00: LOS
20220211-10:59:28.974Z INFO     FP-SBAND 2021-08-20 09:40:00: STOP SR2000-LOAD
20220211-10:59:28.975Z INFO     FP-SBAND 2021-08-20 09:40:32: STOP ANT2150
20220211-10:59:28.976Z INFO     FP-SBAND 2021-08-20 09:41:03: STOP SR2000
20220211-10:59:28.976Z INFO     FP-SBAND 2021-08-20 09:41:34: Start rotating satellite (2) to 0.0000 0.0000 0.0000 [rad]
20220211-10:59:28.976Z INFO     FP-SBAND 2021-08-20 09:41:40: End time hk collection
20220211-10:59:28.977Z INFO     FP-SBAND 2021-08-20 09:44:58: HK to 0.1hz
20220211-10:59:28.977Z NOTICE   FP-SBAND HK metadata:
20220211-10:59:28.978Z INFO     FP-SBAND  - Number of Samples: 85
20220211-10:59:28.978Z INFO     FP-SBAND  - Name beacon file : /flash1/sband25_0.zip
20220211-10:59:28.978Z INFO     FP-SBAND  - Number of Samples: 85
20220211-10:59:28.979Z INFO     FP-SBAND  - Name beacon file : /flash1/sband22_0.zip
20220211-10:59:28.979Z INFO     FP-SBAND  - Number of Samples: 85
20220211-10:59:28.979Z INFO     FP-SBAND  - Name beacon file : /flash1/sband23_0.zip
20220211-11:17:27.516Z INFO     FP-SBAND ---------------------------------------------------------------------
20220211-11:17:27.516Z NOTICE   FP-SBAND Initiating generation sband flightplan
20220211-11:17:27.517Z INFO     FP-SBAND Loading setting file: /mnt/c/Users/faba/LEOP/leop-tools-master/test_data/example_offset_fp.json
20220211-11:17:27.517Z INFO     FP-SBAND - mag      : external - M315
20220211-11:17:27.519Z NOTICE   FP-SBAND Creating flightplan
20220211-11:17:27.519Z INFO     FP-SBAND Path to FP: /mnt/c/Users/faba/LEOP/leop-tools-master/output/sband/sband_test.fp
20220211-11:17:27.522Z INFO     FP-SBAND 2021-08-20 09:10:00: Start rotating satellite (4) to 0.0000 0.0000 0.0000 [rad]
20220211-11:17:27.523Z INFO     FP-SBAND 2021-08-20 09:27:30: Start time hk collection
20220211-11:17:27.523Z INFO     FP-SBAND 2021-08-20 09:28:00: POWER ON SR2000
20220211-11:17:27.524Z INFO     FP-SBAND 2021-08-20 09:28:42: POWER ON ANT2150
20220211-11:17:27.524Z INFO     FP-SBAND 2021-08-20 09:29:13: START SR2000-LOAD
20220211-11:17:27.525Z INFO     FP-SBAND 2021-08-20 09:30:00: AOS
20220211-11:17:27.525Z INFO     FP-SBAND 2021-08-20 09:40:00: LOS
20220211-11:17:27.526Z INFO     FP-SBAND 2021-08-20 09:40:00: STOP SR2000-LOAD
20220211-11:17:27.526Z INFO     FP-SBAND 2021-08-20 09:40:32: STOP ANT2150
20220211-11:17:27.527Z INFO     FP-SBAND 2021-08-20 09:41:03: STOP SR2000
20220211-11:17:27.527Z INFO     FP-SBAND 2021-08-20 09:41:34: Start rotating satellite (2) to 0.0000 0.0000 0.0000 [rad]
20220211-11:17:27.528Z INFO     FP-SBAND 2021-08-20 09:41:40: End time hk collection
20220211-11:17:27.528Z INFO     FP-SBAND 2021-08-20 09:44:58: HK to 0.1hz
20220211-11:17:27.529Z NOTICE   FP-SBAND HK metadata:
20220211-11:17:27.529Z INFO     FP-SBAND  - Number of Samples: 85
20220211-11:17:27.529Z INFO     FP-SBAND  - Name beacon file : /flash1/sband25_0.zip
20220211-11:17:27.530Z INFO     FP-SBAND  - Number of Samples: 85
20220211-11:17:27.530Z INFO     FP-SBAND  - Name beacon file : /flash1/sband22_0.zip
20220211-11:17:27.530Z INFO     FP-SBAND  - Number of Samples: 85
20220211-11:17:27.531Z INFO     FP-SBAND  - Name beacon file : /flash1/sband23_0.zip
20220211-11:22:26.368Z INFO     FP-SBAND ---------------------------------------------------------------------
20220211-11:22:26.370Z NOTICE   FP-SBAND Initiating generation sband flightplan
20220211-11:22:26.371Z INFO     FP-SBAND Loading setting file: /mnt/c/Users/faba/LEOP/leop-tools-master/test_data/example_offset_fp.json
20220211-11:22:26.371Z INFO     FP-SBAND - mag      : external - M315
20220211-11:22:26.373Z NOTICE   FP-SBAND Creating flightplan
20220211-11:22:26.374Z INFO     FP-SBAND Path to FP: /mnt/c/Users/faba/LEOP/leop-tools-master/output/sband/sband_test.fp
20220211-11:22:26.379Z INFO     FP-SBAND 2021-08-20 09:10:00: Start rotating satellite (4) to 0.0000 0.0000 0.0000 [rad]
20220211-11:22:26.380Z INFO     FP-SBAND 2021-08-20 09:27:30: Start time hk collection
20220211-11:22:26.381Z INFO     FP-SBAND 2021-08-20 09:28:00: POWER ON SR2000
20220211-11:22:26.382Z INFO     FP-SBAND 2021-08-20 09:28:42: POWER ON ANT2150
20220211-11:22:26.383Z INFO     FP-SBAND 2021-08-20 09:29:13: START SR2000-LOAD
20220211-11:22:26.383Z INFO     FP-SBAND 2021-08-20 09:30:00: AOS
20220211-11:22:26.384Z INFO     FP-SBAND 2021-08-20 09:40:00: LOS
20220211-11:22:26.384Z INFO     FP-SBAND 2021-08-20 09:40:00: STOP SR2000-LOAD
20220211-11:22:26.385Z INFO     FP-SBAND 2021-08-20 09:40:32: STOP ANT2150
20220211-11:22:26.385Z INFO     FP-SBAND 2021-08-20 09:41:03: STOP SR2000
20220211-11:22:26.386Z INFO     FP-SBAND 2021-08-20 09:41:34: Start rotating satellite (2) to 0.0000 0.0000 0.0000 [rad]
20220211-11:22:26.387Z INFO     FP-SBAND 2021-08-20 09:41:40: End time hk collection
20220211-11:22:26.388Z INFO     FP-SBAND 2021-08-20 09:44:58: HK to 0.1hz
20220211-11:22:26.396Z NOTICE   FP-SBAND HK metadata:
20220211-11:22:26.396Z INFO     FP-SBAND  - Number of Samples: 85
20220211-11:22:26.397Z INFO     FP-SBAND  - Name beacon file : /flash1/sband25_0.zip
20220211-11:22:26.397Z INFO     FP-SBAND  - Number of Samples: 85
20220211-11:22:26.398Z INFO     FP-SBAND  - Name beacon file : /flash1/sband22_0.zip
20220211-11:22:26.398Z INFO     FP-SBAND  - Number of Samples: 85
20220211-11:22:26.399Z INFO     FP-SBAND  - Name beacon file : /flash1/sband23_0.zip
20220211-12:00:20.259Z INFO     MAG-OFFSET ---------------------------------------------------------------------
20220211-12:00:20.260Z NOTICE   MAG-OFFSET Determining Magnetometer Offsets
20220211-12:00:20.260Z INFO     MAG-OFFSET - file     : /mnt/c/Users/faba/LEOP/leop-tools-master/test_data/test_mo_data.csv
20220211-12:00:20.260Z INFO     MAG-OFFSET - settings : /mnt/c/Users/faba/LEOP/leop-tools-master/test_data/example_offset_test.json
20220211-12:00:20.261Z INFO     MAG-OFFSET - mode     : xband
20220211-12:00:20.261Z INFO     MAG-OFFSET - mag      : external - M315
20220211-12:00:20.261Z INFO     MAG-OFFSET - submode  : all
20220211-12:00:20.262Z NOTICE   MAG-OFFSET Magnetometer base values
20220211-12:00:20.262Z INFO     MAG-OFFSET - offset: 0.0000 0.0000 0.0000
20220211-12:00:20.262Z INFO     MAG-OFFSET - scale: 1.0000 1.0000 1.0000
20220211-12:00:20.263Z INFO     MAG-OFFSET - rotation: 1.0000 0.0000 0.0000 0.0000 1.0000 0.0000 0.0000 0.0000 1.0000
20220211-12:00:20.296Z NOTICE   MAG-OFFSET Magnetometer offset - SR2000-X
20220211-12:00:20.299Z INFO     MAG-OFFSET - offset1: 5.462432 -6.913427 -1.422208
20220211-12:00:20.299Z INFO     MAG-OFFSET - offset2: 9.819160 -8.124220 -0.942495
20220211-12:01:39.545Z INFO     FP-SBAND ---------------------------------------------------------------------
20220211-12:01:39.546Z NOTICE   FP-SBAND Initiating generation sband flightplan
20220211-12:01:39.546Z INFO     FP-SBAND Loading setting file: /mnt/c/Users/faba/LEOP/leop-tools-master/test_data/example_offset_fp.json
20220211-12:01:39.546Z INFO     FP-SBAND - mag      : external - M315
20220211-12:01:39.547Z NOTICE   FP-SBAND Creating flightplan
20220211-12:01:39.548Z INFO     FP-SBAND Path to FP: /mnt/c/Users/faba/LEOP/leop-tools-master/output/sband/sband_test.fp
20220211-12:01:39.551Z INFO     FP-SBAND 2021-08-20 09:10:00: Start rotating satellite (4) to 0.0000 0.0000 0.0000 [rad]
20220211-12:01:39.552Z INFO     FP-SBAND 2021-08-20 09:27:30: Start time hk collection
20220211-12:01:39.553Z INFO     FP-SBAND 2021-08-20 09:28:00: POWER ON SR2000
20220211-12:01:39.553Z INFO     FP-SBAND 2021-08-20 09:28:42: POWER ON ANT2150
20220211-12:01:39.554Z INFO     FP-SBAND 2021-08-20 09:29:13: START SR2000-LOAD
20220211-12:01:39.554Z INFO     FP-SBAND 2021-08-20 09:30:00: AOS
20220211-12:01:39.555Z INFO     FP-SBAND 2021-08-20 09:40:00: LOS
20220211-12:01:39.555Z INFO     FP-SBAND 2021-08-20 09:40:00: STOP SR2000-LOAD
20220211-12:01:39.556Z INFO     FP-SBAND 2021-08-20 09:40:32: STOP ANT2150
20220211-12:01:39.557Z INFO     FP-SBAND 2021-08-20 09:41:03: STOP SR2000
20220211-12:01:39.557Z INFO     FP-SBAND 2021-08-20 09:41:34: Start rotating satellite (2) to 0.0000 0.0000 0.0000 [rad]
20220211-12:01:39.558Z INFO     FP-SBAND 2021-08-20 09:41:40: End time hk collection
20220211-12:01:39.558Z INFO     FP-SBAND 2021-08-20 09:44:58: HK to 0.1hz
20220211-12:01:39.559Z NOTICE   FP-SBAND HK metadata:
20220211-12:01:39.559Z INFO     FP-SBAND  - Number of Samples: 85
20220211-12:01:39.559Z INFO     FP-SBAND  - Name beacon file : /flash1/sband25_0.zip
20220211-12:01:39.560Z INFO     FP-SBAND  - Number of Samples: 85
20220211-12:01:39.560Z INFO     FP-SBAND  - Name beacon file : /flash1/sband22_0.zip
20220211-12:01:39.560Z INFO     FP-SBAND  - Number of Samples: 85
20220211-12:01:39.561Z INFO     FP-SBAND  - Name beacon file : /flash1/sband23_0.zip
20220211-12:02:00.002Z INFO     FP-CALIBRATION ---------------------------------------------------------------------
20220211-12:02:00.003Z NOTICE   FP-CALIBRATION Initiating generation calibration flightplan
20220211-12:02:00.003Z INFO     FP-CALIBRATION Loading setting file: /mnt/c/Users/faba/LEOP/leop-tools-master/test_data/example_calibration.json
20220211-16:20:43.046Z INFO     FP-CALIBRATION ---------------------------------------------------------------------
20220211-16:20:43.048Z NOTICE   FP-CALIBRATION Initiating generation calibration flightplan
20220211-16:20:43.048Z INFO     FP-CALIBRATION Loading setting file: /mnt/c/Users/faba/LEOP/leop-tools-master/test_data/example_calibration.json
20220211-16:21:53.005Z INFO     FP-CALIBRATION ---------------------------------------------------------------------
20220211-16:21:53.005Z NOTICE   FP-CALIBRATION Initiating generation calibration flightplan
20220211-16:21:53.006Z INFO     FP-CALIBRATION Loading setting file: /mnt/c/Users/faba/LEOP/leop-tools-master/test_data/example_calibration.json
20220211-16:22:23.837Z INFO     FP-CALIBRATION ---------------------------------------------------------------------
20220211-16:22:23.838Z NOTICE   FP-CALIBRATION Initiating generation calibration flightplan
20220211-16:22:23.839Z INFO     FP-CALIBRATION Loading setting file: /mnt/c/Users/faba/LEOP/leop-tools-master/test_data/example_calibration.json
20220211-16:22:23.842Z INFO     FP-CALIBRATION BRO-4                   
20220211-16:22:23.843Z INFO     FP-CALIBRATION 1 49066U 21073A   21266.23107887  .00000570  00000-0  40581-4 0  9995
20220211-16:22:23.843Z INFO     FP-CALIBRATION 2 49066  97.5553 339.3774 0031328 118.0573 242.3843 15.08183038  5591
20220211-16:22:23.845Z INFO     FP-CALIBRATION Orbital period: 5728.7 [s]
20220211-16:22:25.476Z NOTICE   FP-CALIBRATION Creating flightplan
20220211-16:22:25.477Z INFO     FP-CALIBRATION Path to FP: /mnt/c/Users/faba/LEOP/leop-tools-master/output/calibration/test_cal.fp
20220211-16:22:25.479Z NOTICE   FP-CALIBRATION Test number: 0
20220211-16:22:25.480Z INFO     FP-CALIBRATION 2021-08-01 00:04:00: Eclipse start -60s
20220211-16:22:25.480Z INFO     FP-CALIBRATION 2021-08-01 00:04:00: Start rotating satellite (2) to 0.0000 -0.0000 0.0000 [rad]
20220211-16:22:26.099Z INFO     FP-CALIBRATION 2021-08-01 00:05:08: Start collecting calibration beacons
20220211-16:22:26.101Z INFO     FP-CALIBRATION 2021-08-01 01:30:28: End collecting calibration beacons
20220211-16:22:26.101Z INFO     FP-CALIBRATION INFO: Beacon - TEST # 0
20220211-16:22:26.102Z INFO     FP-CALIBRATION  - Number of Samples: 512
20220211-16:22:26.102Z INFO     FP-CALIBRATION  - Name beacon file : /flash1/cal25_0.zip
20220211-16:22:26.102Z INFO     FP-CALIBRATION 2021-08-01 01:31:34: Start rotating satellite (2) to 0.0000 0.0000 0.0000 [rad]
20220308-13:35:13.367Z INFO     FP-XBAND ---------------------------------------------------------------------
20220308-13:35:13.369Z NOTICE   FP-XBAND Initiating generation xband flightplan
20220308-13:35:13.370Z INFO     FP-XBAND Loading setting file: /mnt/c/Users/faba/LEOP/leop-tools-master/test_data/example_offset_fp.json
20220308-13:35:13.371Z INFO     FP-XBAND - mag      : external - M315
20220308-13:35:13.373Z NOTICE   FP-XBAND Creating flightplan
20220308-13:35:13.374Z INFO     FP-XBAND Path to FP: /mnt/c/Users/faba/LEOP/leop-tools-master/output/xband/xband_test.fp
20220308-13:35:13.376Z INFO     FP-XBAND 2021-08-20 09:10:00: Start rotating satellite (4) to 0.0000 0.0000 0.0000 [rad]
20220308-13:35:13.377Z INFO     FP-XBAND 2021-08-20 09:25:30: Start time hk collection
20220308-13:35:13.377Z INFO     FP-XBAND 2021-08-20 09:26:00: POWER ON SR2000
20220308-13:35:13.378Z INFO     FP-XBAND 2021-08-20 09:26:42: POWER ON PDU3
20220308-13:35:13.378Z INFO     FP-XBAND 2021-08-20 09:27:13: POWER ON XAFE1
20220308-13:35:13.379Z INFO     FP-XBAND 2021-08-20 09:27:44: POWER ON XAFE2
20220308-13:35:13.379Z INFO     FP-XBAND 2021-08-20 09:28:15: START SR2000-LOAD
20220308-13:35:13.379Z INFO     FP-XBAND 2021-08-20 09:28:52: START TX
20220308-13:35:13.380Z INFO     FP-XBAND 2021-08-20 09:30:00: AOS
20220308-13:35:13.380Z INFO     FP-XBAND 2021-08-20 09:40:00: LOS
20220308-13:35:13.381Z INFO     FP-XBAND 2021-08-20 09:40:00: STOP TX
20220308-13:35:13.385Z INFO     FP-XBAND 2021-08-20 09:40:33: STOP XAFE2
20220308-13:35:13.386Z INFO     FP-XBAND 2021-08-20 09:41:04: STOP XAFE1
20220308-13:35:13.386Z INFO     FP-XBAND 2021-08-20 09:41:35: STOP SR2000-LOAD
20220308-13:35:13.386Z INFO     FP-XBAND 2021-08-20 09:42:07: STOP PDU3
20220308-13:35:13.387Z INFO     FP-XBAND 2021-08-20 09:42:38: STOP SR2000
20220308-13:35:13.387Z INFO     FP-XBAND 2021-08-20 09:43:09: Start rotating satellite (2) to 0.0000 0.0000 0.0000 [rad]
20220308-13:35:13.388Z INFO     FP-XBAND 2021-08-20 09:43:15: End time hk collection
20220308-13:35:13.388Z INFO     FP-XBAND 2021-08-20 09:46:33: Increase HK to 0.1hz
20220308-13:35:13.388Z NOTICE   FP-XBAND HK metadata:
20220308-13:35:13.389Z INFO     FP-XBAND  - Number of Samples: 107
20220308-13:35:13.389Z INFO     FP-XBAND  - Name beacon file : /flash1/xband25_0.zip
20220308-13:35:13.389Z INFO     FP-XBAND  - Number of Samples: 107
20220308-13:35:13.390Z INFO     FP-XBAND  - Name beacon file : /flash1/xband22_0.zip
20220308-13:35:13.390Z INFO     FP-XBAND  - Number of Samples: 107
20220308-13:35:13.390Z INFO     FP-XBAND  - Name beacon file : /flash1/xband23_0.zip
20220308-14:49:27.167Z INFO     FP-XBAND ---------------------------------------------------------------------
20220308-14:49:27.168Z NOTICE   FP-XBAND Initiating generation xband flightplan
20220308-14:49:27.168Z INFO     FP-XBAND Loading setting file: /mnt/c/Users/faba/LEOP/leop-tools-master/test_data/example_offset_fp.json
20220308-14:49:27.169Z INFO     FP-XBAND - mag      : external - M315
20220308-14:49:27.170Z NOTICE   FP-XBAND Creating flightplan
20220308-14:49:27.171Z INFO     FP-XBAND Path to FP: /mnt/c/Users/faba/LEOP/leop-tools-master/output/xband/xband_test.fp
20220308-14:49:27.173Z INFO     FP-XBAND 2022-03-08 23:45:35: Start rotating satellite (4) to 0.0000 0.0000 0.0000 [rad]
20220308-14:49:27.173Z INFO     FP-XBAND 2022-03-09 00:01:05: Start time hk collection
20220308-14:49:27.174Z INFO     FP-XBAND 2022-03-09 00:01:35: POWER ON SR2000
20220308-14:49:27.174Z INFO     FP-XBAND 2022-03-09 00:02:17: POWER ON PDU3
20220308-14:49:27.175Z INFO     FP-XBAND 2022-03-09 00:02:48: POWER ON XAFE1
20220308-14:49:27.175Z INFO     FP-XBAND 2022-03-09 00:03:19: POWER ON XAFE2
20220308-14:49:27.176Z INFO     FP-XBAND 2022-03-09 00:03:50: START SR2000-LOAD
20220308-14:49:27.176Z INFO     FP-XBAND 2022-03-09 00:04:27: START TX
20220308-14:49:27.177Z INFO     FP-XBAND 2022-03-09 00:05:35: AOS
20220308-14:49:27.177Z INFO     FP-XBAND 2022-03-09 00:26:14: LOS
20220308-14:49:27.177Z INFO     FP-XBAND 2022-03-09 00:26:14: STOP TX
20220308-14:49:27.178Z INFO     FP-XBAND 2022-03-09 00:26:47: STOP XAFE2
20220308-14:49:27.178Z INFO     FP-XBAND 2022-03-09 00:27:18: STOP XAFE1
20220308-14:49:27.179Z INFO     FP-XBAND 2022-03-09 00:27:49: STOP SR2000-LOAD
20220308-14:49:27.184Z INFO     FP-XBAND 2022-03-09 00:28:21: STOP PDU3
20220308-14:49:27.185Z INFO     FP-XBAND 2022-03-09 00:28:52: STOP SR2000
20220308-14:49:27.185Z INFO     FP-XBAND 2022-03-09 00:29:23: Start rotating satellite (2) to 0.0000 0.0000 0.0000 [rad]
20220308-14:49:27.186Z INFO     FP-XBAND 2022-03-09 00:29:29: End time hk collection
20220308-14:49:27.187Z INFO     FP-XBAND 2022-03-09 00:32:47: Increase HK to 0.1hz
20220308-14:49:27.188Z NOTICE   FP-XBAND HK metadata:
20220308-14:49:27.189Z INFO     FP-XBAND  - Number of Samples: 171
20220308-14:49:27.190Z INFO     FP-XBAND  - Name beacon file : /flash1/xband25_0.zip
20220308-14:49:27.191Z INFO     FP-XBAND  - Number of Samples: 171
20220308-14:49:27.192Z INFO     FP-XBAND  - Name beacon file : /flash1/xband22_0.zip
20220308-14:49:27.194Z INFO     FP-XBAND  - Number of Samples: 171
20220308-14:49:27.195Z INFO     FP-XBAND  - Name beacon file : /flash1/xband23_0.zip
